
> gdmcwebsite@0.0.0 start /root/GDMCWebsite
> node ./bin/www "app.js"

events.js:160
      throw er; // Unhandled 'error' event
      ^

Error: listen EADDRINUSE :::8000
    at Object.exports._errnoException (util.js:1018:11)
    at exports._exceptionWithHostPort (util.js:1041:20)
    at Server._listen2 (net.js:1258:14)
    at listen (net.js:1294:10)
    at Server.listen (net.js:1390:5)
    at EventEmitter.listen (/root/GDMCWebsite/node_modules/express/lib/application.js:618:24)
    at Object.<anonymous> (/root/GDMCWebsite/app.js:135:18)
    at Module._compile (module.js:570:32)
    at Object.Module._extensions..js (module.js:579:10)
    at Module.load (module.js:487:32)

npm ERR! Linux 3.16.0-5-amd64
npm ERR! argv "/usr/local/bin/node" "/usr/local/bin/npm" "start" "app.js"
npm ERR! node v6.11.0
npm ERR! npm  v3.10.10
npm ERR! code ELIFECYCLE
npm ERR! gdmcwebsite@0.0.0 start: `node ./bin/www "app.js"`
npm ERR! Exit status 1
npm ERR! 
npm ERR! Failed at the gdmcwebsite@0.0.0 start script 'node ./bin/www "app.js"'.
npm ERR! Make sure you have the latest version of node.js and npm installed.
npm ERR! If you do, this is most likely a problem with the gdmcwebsite package,
npm ERR! not with npm itself.
npm ERR! Tell the author that this fails on your system:
npm ERR!     node ./bin/www "app.js"
npm ERR! You can get information on how to open an issue for this project with:
npm ERR!     npm bugs gdmcwebsite
npm ERR! Or if that isn't available, you can get their info via:
npm ERR!     npm owner ls gdmcwebsite
npm ERR! There is likely additional logging output above.

npm ERR! Please include the following file with any support request:
npm ERR!     /root/GDMCWebsite/npm-debug.log
